<?xml version="1.0" encoding="UTF-8"?>
<!-- Generated by org.testng.reporters.JUnitXMLReporter -->
<testsuite hostname="nuvz-265" name="Default test(failed)" tests="1" failures="0" timestamp="29 May 2019 12:42:43 GMT" time="63.351" errors="0">
  <testcase name="@BeforeMethod launchbrwser" time="0.0" classname="com.ng.NewTest">
    <failure type="org.openqa.selenium.WebDriverException" message="Failed to connect to binary FirefoxBinary(C:\Program Files (x86)\Mozilla Firefox\firefox.exe) on port 7055; process output follows: 
,&amp;quot;locales&amp;quot;:[],&amp;quot;targetApplications&amp;quot;:[{&amp;quot;id&amp;quot;:&amp;quot;toolkit@mozilla.org&amp;quot;,&amp;quot;minVersion&amp;quot;:null,&amp;quot;maxVersion&amp;quot;:null}],&amp;quot;targetPlatforms&amp;quot;:[],&amp;quot;seen&amp;quot;:true,&amp;quot;dependencies&amp;quot;:[],&amp;quot;userPermissions&amp;quot;:{&amp;quot;permissions&amp;quot;:[&amp;quot;tabs&amp;quot;],&amp;quot;origins&amp;quot;:[&amp;quot;&amp;lt;all_urls&amp;gt;&amp;quot;]},&amp;quot;icons&amp;quot;:{&amp;quot;16&amp;quot;:&amp;quot;icons/lightbulb.svg&amp;quot;,&amp;quot;32&amp;quot;:&amp;quot;icons/lightbulb.svg&amp;quot;,&amp;quot;48&amp;quot;:&amp;quot;icons/lightbulb.svg&amp;quot;,&amp;quot;96&amp;quot;:&amp;quot;icons/lightbulb.svg&amp;quot;,&amp;quot;128&amp;quot;:&amp;quot;icons/lightbulb.svg&amp;quot;},&amp;quot;iconURL&amp;quot;:null,&amp;quot;blocklistState&amp;quot;:0,&amp;quot;blocklistURL&amp;quot;:null,&amp;quot;startupData&amp;quot;:null,&amp;quot;hidden&amp;quot;:true,&amp;quot;installTelemetryInfo&amp;quot;:null,&amp;quot;location&amp;quot;:&amp;quot;app-system-defaults&amp;quot;}
1559133710894	addons.xpi	DEBUG	Updating XPIState for {&amp;quot;id&amp;quot;:&amp;quot;webcompat@mozilla.org&amp;quot;,&amp;quot;syncGUID&amp;quot;:&amp;quot;{20d8ba14-7d71-4020-ba3c-e557d84ec601}&amp;quot;,&amp;quot;version&amp;quot;:&amp;quot;3.0.2&amp;quot;,&amp;quot;type&amp;quot;:&amp;quot;extension&amp;quot;,&amp;quot;loader&amp;quot;:null,&amp;quot;updateURL&amp;quot;:null,&amp;quot;optionsURL&amp;quot;:null,&amp;quot;optionsType&amp;quot;:null,&amp;quot;optionsBrowserStyle&amp;quot;:true,&amp;quot;aboutURL&amp;quot;:null,&amp;quot;defaultLocale&amp;quot;:{&amp;quot;name&amp;quot;:&amp;quot;Web Compat&amp;quot;,&amp;quot;description&amp;quot;:&amp;quot;Urgent post-release fixes for web compatibility.&amp;quot;,&amp;quot;creator&amp;quot;:null,&amp;quot;developers&amp;quot;:null,&amp;quot;translators&amp;quot;:null,&amp;quot;contributors&amp;quot;:null},&amp;quot;visible&amp;quot;:true,&amp;quot;active&amp;quot;:true,&amp;quot;userDisabled&amp;quot;:false,&amp;quot;appDisabled&amp;quot;:false,&amp;quot;installDate&amp;quot;:1557200247805,&amp;quot;updateDate&amp;quot;:1557200247805,&amp;quot;applyBackgroundUpdates&amp;quot;:1,&amp;quot;path&amp;quot;:&amp;quot;C:\\Program Files (x86)\\Mozilla Firefox\\browser\\features\\webcompat@mozilla.org.xpi&amp;quot;,&amp;quot;skinnable&amp;quot;:false,&amp;quot;sourceURI&amp;quot;:null,&amp;quot;releaseNotesURI&amp;quot;:null,&amp;quot;softDisabled&amp;quot;:false,&amp;quot;foreignInstall&amp;quot;:false,&amp;quot;strictCompatibility&amp;quot;:true,&amp;quot;locales&amp;quot;:[],&amp;quot;targetApplications&amp;quot;:[{&amp;quot;id&amp;quot;:&amp;quot;toolkit@mozilla.org&amp;quot;,&amp;quot;minVersion&amp;quot;:&amp;quot;59.0b5&amp;quot;,&amp;quot;maxVersion&amp;quot;:null}],&amp;quot;targetPlatforms&amp;quot;:[],&amp;quot;seen&amp;quot;:true,&amp;quot;dependencies&amp;quot;:[],&amp;quot;userPermissions&amp;quot;:{&amp;quot;permissions&amp;quot;:[&amp;quot;webRequest&amp;quot;,&amp;quot;webRequestBlocking&amp;quot;],&amp;quot;origins&amp;quot;:[&amp;quot;&amp;lt;all_urls&amp;gt;&amp;quot;]},&amp;quot;icons&amp;quot;:{},&amp;quot;iconURL&amp;quot;:null,&amp;quot;blocklistState&amp;quot;:0,&amp;quot;blocklistURL&amp;quot;:null,&amp;quot;startupData&amp;quot;:null,&amp;quot;hidden&amp;quot;:true,&amp;quot;installTelemetryInfo&amp;quot;:null,&amp;quot;location&amp;quot;:&amp;quot;app-system-defaults&amp;quot;}
1559133710894	addons.xpi-utils	DEBUG	Updating add-on states
1559133710898	addons.xpi	DEBUG	Calling bootstrap method startup on formautofill@mozilla.org version 1.0
1559133710901	addons.xpi	DEBUG	Calling bootstrap method startup on screenshots@mozilla.org version 35.0.0
1559133710902	addons.xpi	DEBUG	Calling bootstrap method startup on webcompat@mozilla.org version 3.0.2
1559133710930	addons.manager	DEBUG	Registering shutdown blocker for XPIProvider
1559133710930	addons.manager	DEBUG	Provider finished startup: XPIProvider
1559133710930	addons.manager	DEBUG	Starting provider: LightweightThemeManager
1559133710930	addons.manager	DEBUG	Registering shutdown blocker for LightweightThemeManager
1559133710931	addons.manager	DEBUG	Provider finished startup: LightweightThemeManager
1559133710932	addons.manager	DEBUG	Starting provider: GMPProvider
1559133710961	addons.manager	DEBUG	Registering shutdown blocker for GMPProvider
1559133710961	addons.manager	DEBUG	Provider finished startup: GMPProvider
1559133710962	addons.manager	DEBUG	Starting provider: PluginProvider
1559133710962	addons.manager	DEBUG	Registering shutdown blocker for PluginProvider
1559133710962	addons.manager	DEBUG	Provider finished startup: PluginProvider
1559133710973	addons.manager	DEBUG	Completed startup sequence
1559133718487	addons.repository	DEBUG	No addons.json found.
1559133727938	addons.xpi	DEBUG	Ignoring file: name is not a valid add-on ID: C:\Users\gcharchi\AppData\Local\Temp\anonymous4421326908970240099webdriver-profile\extensions\webdriver-staging
1559133727939	addons.xpi	DEBUG	Existing add-on formautofill@mozilla.org in app-system-defaults
1559133727940	addons.xpi	DEBUG	Existing add-on screenshots@mozilla.org in app-system-defaults
1559133727941	addons.xpi	DEBUG	Existing add-on webcompat-reporter@mozilla.org in app-system-defaults
1559133727941	addons.xpi	DEBUG	Existing add-on webcompat@mozilla.org in app-system-defaults
1559133727943	addons.xpi	DEBUG	scanForChanges changed: false, state: {}
JavaScript error: resource://gre/modules/addons/XPIProvider.jsm, line 2614: TypeError: addon is null
1559133728609	addons.manager	DEBUG	Registering upgrade listener for formautofill@mozilla.org
[Parent 1168, Gecko_IOThread] WARNING: file z:/build/build/src/ipc/chromium/src/base/process_util_win.cc, line 166

Build info: version: &amp;apos;2.47.1&amp;apos;, revision: &amp;apos;411b314&amp;apos;, time: &amp;apos;2015-07-30 02:56:46&amp;apos;
System info: host: &amp;apos;nuvz-265&amp;apos;, ip: &amp;apos;10.100.20.196&amp;apos;, os.name: &amp;apos;Windows 10&amp;apos;, os.arch: &amp;apos;amd64&amp;apos;, os.version: &amp;apos;10.0&amp;apos;, java.version: &amp;apos;1.8.0_144&amp;apos;
Driver info: driver.version: FirefoxDriver">
      <![CDATA[org.openqa.selenium.WebDriverException: Failed to connect to binary FirefoxBinary(C:\Program Files (x86)\Mozilla Firefox\firefox.exe) on port 7055; process output follows: 
,"locales":[],"targetApplications":[{"id":"toolkit@mozilla.org","minVersion":null,"maxVersion":null}],"targetPlatforms":[],"seen":true,"dependencies":[],"userPermissions":{"permissions":["tabs"],"origins":["<all_urls>"]},"icons":{"16":"icons/lightbulb.svg","32":"icons/lightbulb.svg","48":"icons/lightbulb.svg","96":"icons/lightbulb.svg","128":"icons/lightbulb.svg"},"iconURL":null,"blocklistState":0,"blocklistURL":null,"startupData":null,"hidden":true,"installTelemetryInfo":null,"location":"app-system-defaults"}
1559133710894	addons.xpi	DEBUG	Updating XPIState for {"id":"webcompat@mozilla.org","syncGUID":"{20d8ba14-7d71-4020-ba3c-e557d84ec601}","version":"3.0.2","type":"extension","loader":null,"updateURL":null,"optionsURL":null,"optionsType":null,"optionsBrowserStyle":true,"aboutURL":null,"defaultLocale":{"name":"Web Compat","description":"Urgent post-release fixes for web compatibility.","creator":null,"developers":null,"translators":null,"contributors":null},"visible":true,"active":true,"userDisabled":false,"appDisabled":false,"installDate":1557200247805,"updateDate":1557200247805,"applyBackgroundUpdates":1,"path":"C:\\Program Files (x86)\\Mozilla Firefox\\browser\\features\\webcompat@mozilla.org.xpi","skinnable":false,"sourceURI":null,"releaseNotesURI":null,"softDisabled":false,"foreignInstall":false,"strictCompatibility":true,"locales":[],"targetApplications":[{"id":"toolkit@mozilla.org","minVersion":"59.0b5","maxVersion":null}],"targetPlatforms":[],"seen":true,"dependencies":[],"userPermissions":{"permissions":["webRequest","webRequestBlocking"],"origins":["<all_urls>"]},"icons":{},"iconURL":null,"blocklistState":0,"blocklistURL":null,"startupData":null,"hidden":true,"installTelemetryInfo":null,"location":"app-system-defaults"}
1559133710894	addons.xpi-utils	DEBUG	Updating add-on states
1559133710898	addons.xpi	DEBUG	Calling bootstrap method startup on formautofill@mozilla.org version 1.0
1559133710901	addons.xpi	DEBUG	Calling bootstrap method startup on screenshots@mozilla.org version 35.0.0
1559133710902	addons.xpi	DEBUG	Calling bootstrap method startup on webcompat@mozilla.org version 3.0.2
1559133710930	addons.manager	DEBUG	Registering shutdown blocker for XPIProvider
1559133710930	addons.manager	DEBUG	Provider finished startup: XPIProvider
1559133710930	addons.manager	DEBUG	Starting provider: LightweightThemeManager
1559133710930	addons.manager	DEBUG	Registering shutdown blocker for LightweightThemeManager
1559133710931	addons.manager	DEBUG	Provider finished startup: LightweightThemeManager
1559133710932	addons.manager	DEBUG	Starting provider: GMPProvider
1559133710961	addons.manager	DEBUG	Registering shutdown blocker for GMPProvider
1559133710961	addons.manager	DEBUG	Provider finished startup: GMPProvider
1559133710962	addons.manager	DEBUG	Starting provider: PluginProvider
1559133710962	addons.manager	DEBUG	Registering shutdown blocker for PluginProvider
1559133710962	addons.manager	DEBUG	Provider finished startup: PluginProvider
1559133710973	addons.manager	DEBUG	Completed startup sequence
1559133718487	addons.repository	DEBUG	No addons.json found.
1559133727938	addons.xpi	DEBUG	Ignoring file: name is not a valid add-on ID: C:\Users\gcharchi\AppData\Local\Temp\anonymous4421326908970240099webdriver-profile\extensions\webdriver-staging
1559133727939	addons.xpi	DEBUG	Existing add-on formautofill@mozilla.org in app-system-defaults
1559133727940	addons.xpi	DEBUG	Existing add-on screenshots@mozilla.org in app-system-defaults
1559133727941	addons.xpi	DEBUG	Existing add-on webcompat-reporter@mozilla.org in app-system-defaults
1559133727941	addons.xpi	DEBUG	Existing add-on webcompat@mozilla.org in app-system-defaults
1559133727943	addons.xpi	DEBUG	scanForChanges changed: false, state: {}
JavaScript error: resource://gre/modules/addons/XPIProvider.jsm, line 2614: TypeError: addon is null
1559133728609	addons.manager	DEBUG	Registering upgrade listener for formautofill@mozilla.org
[Parent 1168, Gecko_IOThread] WARNING: file z:/build/build/src/ipc/chromium/src/base/process_util_win.cc, line 166

Build info: version: '2.47.1', revision: '411b314', time: '2015-07-30 02:56:46'
System info: host: 'nuvz-265', ip: '10.100.20.196', os.name: 'Windows 10', os.arch: 'amd64', os.version: '10.0', java.version: '1.8.0_144'
Driver info: driver.version: FirefoxDriver
	at org.openqa.selenium.firefox.internal.NewProfileExtensionConnection.start(NewProfileExtensionConnection.java:134)
	at org.openqa.selenium.firefox.FirefoxDriver.startClient(FirefoxDriver.java:276)
	at org.openqa.selenium.remote.RemoteWebDriver.<init>(RemoteWebDriver.java:116)
	at org.openqa.selenium.firefox.FirefoxDriver.<init>(FirefoxDriver.java:223)
	at org.openqa.selenium.firefox.FirefoxDriver.<init>(FirefoxDriver.java:216)
	at org.openqa.selenium.firefox.FirefoxDriver.<init>(FirefoxDriver.java:212)
	at org.openqa.selenium.firefox.FirefoxDriver.<init>(FirefoxDriver.java:125)
	at com.ng.NewTest.launchbrwser(NewTest.java:19)
Caused by: org.openqa.selenium.firefox.NotConnectedException: Unable to connect to host 127.0.0.1 on port 7055 after 45000 ms. Firefox console output:
,"locales":[],"targetApplications":[{"id":"toolkit@mozilla.org","minVersion":null,"maxVersion":null}],"targetPlatforms":[],"seen":true,"dependencies":[],"userPermissions":{"permissions":["tabs"],"origins":["<all_urls>"]},"icons":{"16":"icons/lightbulb.svg","32":"icons/lightbulb.svg","48":"icons/lightbulb.svg","96":"icons/lightbulb.svg","128":"icons/lightbulb.svg"},"iconURL":null,"blocklistState":0,"blocklistURL":null,"startupData":null,"hidden":true,"installTelemetryInfo":null,"location":"app-system-defaults"}
1559133710894	addons.xpi	DEBUG	Updating XPIState for {"id":"webcompat@mozilla.org","syncGUID":"{20d8ba14-7d71-4020-ba3c-e557d84ec601}","version":"3.0.2","type":"extension","loader":null,"updateURL":null,"optionsURL":null,"optionsType":null,"optionsBrowserStyle":true,"aboutURL":null,"defaultLocale":{"name":"Web Compat","description":"Urgent post-release fixes for web compatibility.","creator":null,"developers":null,"translators":null,"contributors":null},"visible":true,"active":true,"userDisabled":false,"appDisabled":false,"installDate":1557200247805,"updateDate":1557200247805,"applyBackgroundUpdates":1,"path":"C:\\Program Files (x86)\\Mozilla Firefox\\browser\\features\\webcompat@mozilla.org.xpi","skinnable":false,"sourceURI":null,"releaseNotesURI":null,"softDisabled":false,"foreignInstall":false,"strictCompatibility":true,"locales":[],"targetApplications":[{"id":"toolkit@mozilla.org","minVersion":"59.0b5","maxVersion":null}],"targetPlatforms":[],"seen":true,"dependencies":[],"userPermissions":{"permissions":["webRequest","webRequestBlocking"],"origins":["<all_urls>"]},"icons":{},"iconURL":null,"blocklistState":0,"blocklistURL":null,"startupData":null,"hidden":true,"installTelemetryInfo":null,"location":"app-system-defaults"}
1559133710894	addons.xpi-utils	DEBUG	Updating add-on states
1559133710898	addons.xpi	DEBUG	Calling bootstrap method startup on formautofill@mozilla.org version 1.0
1559133710901	addons.xpi	DEBUG	Calling bootstrap method startup on screenshots@mozilla.org version 35.0.0
1559133710902	addons.xpi	DEBUG	Calling bootstrap method startup on webcompat@mozilla.org version 3.0.2
1559133710930	addons.manager	DEBUG	Registering shutdown blocker for XPIProvider
1559133710930	addons.manager	DEBUG	Provider finished startup: XPIProvider
1559133710930	addons.manager	DEBUG	Starting provider: LightweightThemeManager
1559133710930	addons.manager	DEBUG	Registering shutdown blocker for LightweightThemeManager
1559133710931	addons.manager	DEBUG	Provider finished startup: LightweightThemeManager
1559133710932	addons.manager	DEBUG	Starting provider: GMPProvider
1559133710961	addons.manager	DEBUG	Registering shutdown blocker for GMPProvider
1559133710961	addons.manager	DEBUG	Provider finished startup: GMPProvider
1559133710962	addons.manager	DEBUG	Starting provider: PluginProvider
1559133710962	addons.manager	DEBUG	Registering shutdown blocker for PluginProvider
1559133710962	addons.manager	DEBUG	Provider finished startup: PluginProvider
1559133710973	addons.manager	DEBUG	Completed startup sequence
1559133718487	addons.repository	DEBUG	No addons.json found.
1559133727938	addons.xpi	DEBUG	Ignoring file: name is not a valid add-on ID: C:\Users\gcharchi\AppData\Local\Temp\anonymous4421326908970240099webdriver-profile\extensions\webdriver-staging
1559133727939	addons.xpi	DEBUG	Existing add-on formautofill@mozilla.org in app-system-defaults
1559133727940	addons.xpi	DEBUG	Existing add-on screenshots@mozilla.org in app-system-defaults
1559133727941	addons.xpi	DEBUG	Existing add-on webcompat-reporter@mozilla.org in app-system-defaults
1559133727941	addons.xpi	DEBUG	Existing add-on webcompat@mozilla.org in app-system-defaults
1559133727943	addons.xpi	DEBUG	scanForChanges changed: false, state: {}
JavaScript error: resource://gre/modules/addons/XPIProvider.jsm, line 2614: TypeError: addon is null
1559133728609	addons.manager	DEBUG	Registering upgrade listener for formautofill@mozilla.org
[Parent 1168, Gecko_IOThread] WARNING: file z:/build/build/src/ipc/chromium/src/base/process_util_win.cc, line 166

	at org.openqa.selenium.firefox.internal.NewProfileExtensionConnection.start(NewProfileExtensionConnection.java:122)
	... 33 more
... Removed 26 stack frames]]>
    </failure>
  </testcase> <!-- @BeforeMethod launchbrwser -->
  <testcase name="f" time="0.032" classname="com.ng.NewTest">
    <skipped/>
  </testcase> <!-- f -->
</testsuite> <!-- Default test(failed) -->
