<?xml version="1.0" encoding="UTF-8"?>
<testng-results skipped="0" failed="0" total="2" passed="2">
  <reporter-output>
  </reporter-output>
  <suite name="Default suite" duration-ms="74" started-at="2019-07-23T06:34:19Z" finished-at="2019-07-23T06:34:19Z">
    <groups>
    </groups>
    <test name="Default test" duration-ms="74" started-at="2019-07-23T06:34:19Z" finished-at="2019-07-23T06:34:19Z">
      <class name="com.seleniumprogram.Testmaven">
        <test-method status="PASS" signature="method3()[pri:0, instance:com.seleniumprogram.Testmaven@7823a2f9]" name="method3" is-config="true" duration-ms="52" started-at="2019-07-23T12:04:19Z" finished-at="2019-07-23T12:04:19Z">
          <reporter-output>
          </reporter-output>
        </test-method> <!-- method3 -->
        <test-method status="PASS" signature="method5()[pri:0, instance:com.seleniumprogram.Testmaven@7823a2f9]" name="method5" is-config="true" duration-ms="0" started-at="2019-07-23T12:04:19Z" finished-at="2019-07-23T12:04:19Z">
          <reporter-output>
          </reporter-output>
        </test-method> <!-- method5 -->
        <test-method status="PASS" signature="method10()[pri:0, instance:com.seleniumprogram.Testmaven@7823a2f9]" name="method10" is-config="true" duration-ms="0" started-at="2019-07-23T12:04:19Z" finished-at="2019-07-23T12:04:19Z">
          <reporter-output>
          </reporter-output>
        </test-method> <!-- method10 -->
        <test-method status="PASS" signature="method1()[pri:0, instance:com.seleniumprogram.Testmaven@7823a2f9]" name="method1" is-config="true" duration-ms="1" started-at="2019-07-23T12:04:19Z" finished-at="2019-07-23T12:04:19Z">
          <reporter-output>
          </reporter-output>
        </test-method> <!-- method1 -->
        <test-method status="PASS" signature="method8()[pri:0, instance:com.seleniumprogram.Testmaven@7823a2f9]" name="method8" duration-ms="11" started-at="2019-07-23T12:04:19Z" finished-at="2019-07-23T12:04:19Z">
          <reporter-output>
          </reporter-output>
        </test-method> <!-- method8 -->
        <test-method status="PASS" signature="method2()[pri:0, instance:com.seleniumprogram.Testmaven@7823a2f9]" name="method2" is-config="true" duration-ms="0" started-at="2019-07-23T12:04:19Z" finished-at="2019-07-23T12:04:19Z">
          <reporter-output>
          </reporter-output>
        </test-method> <!-- method2 -->
        <test-method status="PASS" signature="method7()[pri:0, instance:com.seleniumprogram.Testmaven@7823a2f9]" name="method7" duration-ms="3" started-at="2019-07-23T12:04:19Z" finished-at="2019-07-23T12:04:19Z">
          <reporter-output>
          </reporter-output>
        </test-method> <!-- method7 -->
        <test-method status="PASS" signature="method1()[pri:0, instance:com.seleniumprogram.Testmaven@7823a2f9]" name="method1" is-config="true" duration-ms="0" started-at="2019-07-23T12:04:19Z" finished-at="2019-07-23T12:04:19Z">
          <reporter-output>
          </reporter-output>
        </test-method> <!-- method1 -->
        <test-method status="PASS" signature="method2()[pri:0, instance:com.seleniumprogram.Testmaven@7823a2f9]" name="method2" is-config="true" duration-ms="1" started-at="2019-07-23T12:04:19Z" finished-at="2019-07-23T12:04:19Z">
          <reporter-output>
          </reporter-output>
        </test-method> <!-- method2 -->
        <test-method status="PASS" signature="method9()[pri:0, instance:com.seleniumprogram.Testmaven@7823a2f9]" name="method9" is-config="true" duration-ms="0" started-at="2019-07-23T12:04:19Z" finished-at="2019-07-23T12:04:19Z">
          <reporter-output>
          </reporter-output>
        </test-method> <!-- method9 -->
        <test-method status="PASS" signature="method6()[pri:0, instance:com.seleniumprogram.Testmaven@7823a2f9]" name="method6" is-config="true" duration-ms="1" started-at="2019-07-23T12:04:19Z" finished-at="2019-07-23T12:04:19Z">
          <reporter-output>
          </reporter-output>
        </test-method> <!-- method6 -->
        <test-method status="PASS" signature="method4()[pri:0, instance:com.seleniumprogram.Testmaven@7823a2f9]" name="method4" is-config="true" duration-ms="1" started-at="2019-07-23T12:04:20Z" finished-at="2019-07-23T12:04:20Z">
          <reporter-output>
          </reporter-output>
        </test-method> <!-- method4 -->
      </class> <!-- com.seleniumprogram.Testmaven -->
    </test> <!-- Default test -->
  </suite> <!-- Default suite -->
</testng-results>
