<?xml version="1.0" encoding="UTF-8"?>
<testng-results skipped="5" failed="0" total="5" passed="0">
  <reporter-output>
  </reporter-output>
  <suite name="Default suite" duration-ms="91" started-at="2019-08-09T06:48:55Z" finished-at="2019-08-09T06:48:55Z">
    <groups>
    </groups>
    <test name="Default test" duration-ms="91" started-at="2019-08-09T06:48:55Z" finished-at="2019-08-09T06:48:55Z">
      <class name="com.ng.DependsonMethod">
        <test-method status="FAIL" signature="beforeMethod()[pri:0, instance:com.ng.DependsonMethod@482f8f11]" name="beforeMethod" is-config="true" duration-ms="0" started-at="2019-08-09T12:18:55Z" finished-at="2019-08-09T12:18:55Z">
          <exception class="java.lang.IllegalAccessException">
            <message>
              <![CDATA[Class org.testng.internal.MethodInvocationHelper can not access a member of class com.ng.DependsonMethod with modifiers "public"]]>
            </message>
            <full-stacktrace>
              <![CDATA[java.lang.IllegalAccessException: Class org.testng.internal.MethodInvocationHelper can not access a member of class com.ng.DependsonMethod with modifiers "public"
	at sun.reflect.Reflection.ensureMemberAccess(Unknown Source)
	at java.lang.reflect.AccessibleObject.slowCheckMemberAccess(Unknown Source)
	at java.lang.reflect.AccessibleObject.checkAccess(Unknown Source)
	at java.lang.reflect.Method.invoke(Unknown Source)
	at org.testng.internal.MethodInvocationHelper.invokeMethod(MethodInvocationHelper.java:84)
	at org.testng.internal.Invoker.invokeConfigurationMethod(Invoker.java:564)
	at org.testng.internal.Invoker.invokeConfigurations(Invoker.java:213)
	at org.testng.internal.Invoker.invokeMethod(Invoker.java:653)
	at org.testng.internal.Invoker.invokeTestMethod(Invoker.java:901)
	at org.testng.internal.Invoker.invokeTestMethods(Invoker.java:1231)
	at org.testng.internal.TestMethodWorker.invokeTestMethods(TestMethodWorker.java:127)
	at org.testng.internal.TestMethodWorker.run(TestMethodWorker.java:111)
	at org.testng.TestRunner.privateRun(TestRunner.java:767)
	at org.testng.TestRunner.run(TestRunner.java:617)
	at org.testng.SuiteRunner.runTest(SuiteRunner.java:334)
	at org.testng.SuiteRunner.runSequentially(SuiteRunner.java:329)
	at org.testng.SuiteRunner.privateRun(SuiteRunner.java:291)
	at org.testng.SuiteRunner.run(SuiteRunner.java:240)
	at org.testng.SuiteRunnerWorker.runSuite(SuiteRunnerWorker.java:52)
	at org.testng.SuiteRunnerWorker.run(SuiteRunnerWorker.java:86)
	at org.testng.TestNG.runSuitesSequentially(TestNG.java:1224)
	at org.testng.TestNG.runSuitesLocally(TestNG.java:1149)
	at org.testng.TestNG.run(TestNG.java:1057)
	at org.testng.remote.AbstractRemoteTestNG.run(AbstractRemoteTestNG.java:126)
	at org.testng.remote.RemoteTestNG.initAndRun(RemoteTestNG.java:137)
	at org.testng.remote.RemoteTestNG.main(RemoteTestNG.java:58)
]]>
            </full-stacktrace>
          </exception> <!-- java.lang.IllegalAccessException -->
          <reporter-output>
          </reporter-output>
        </test-method> <!-- beforeMethod -->
        <test-method status="SKIP" signature="testAdd()[pri:0, instance:com.ng.DependsonMethod@482f8f11]" name="testAdd" duration-ms="2" started-at="2019-08-09T12:18:55Z" finished-at="2019-08-09T12:18:55Z">
          <reporter-output>
          </reporter-output>
        </test-method> <!-- testAdd -->
        <test-method status="SKIP" signature="afterMethod()[pri:0, instance:com.ng.DependsonMethod@482f8f11]" name="afterMethod" is-config="true" duration-ms="0" started-at="2019-08-09T12:18:55Z" finished-at="2019-08-09T12:18:55Z">
          <reporter-output>
          </reporter-output>
        </test-method> <!-- afterMethod -->
        <test-method status="SKIP" signature="beforeMethod()[pri:0, instance:com.ng.DependsonMethod@482f8f11]" name="beforeMethod" is-config="true" duration-ms="0" started-at="2019-08-09T12:18:55Z" finished-at="2019-08-09T12:18:55Z">
          <reporter-output>
          </reporter-output>
        </test-method> <!-- beforeMethod -->
        <test-method status="SKIP" signature="testAdd()[pri:0, instance:com.ng.DependsonMethod@482f8f11]" name="testAdd" duration-ms="2" started-at="2019-08-09T12:18:55Z" finished-at="2019-08-09T12:18:55Z">
          <reporter-output>
          </reporter-output>
        </test-method> <!-- testAdd -->
        <test-method status="SKIP" signature="afterMethod()[pri:0, instance:com.ng.DependsonMethod@482f8f11]" name="afterMethod" is-config="true" duration-ms="0" started-at="2019-08-09T12:18:55Z" finished-at="2019-08-09T12:18:55Z">
          <reporter-output>
          </reporter-output>
        </test-method> <!-- afterMethod -->
        <test-method status="SKIP" signature="beforeMethod()[pri:0, instance:com.ng.DependsonMethod@482f8f11]" name="beforeMethod" is-config="true" duration-ms="0" started-at="2019-08-09T12:18:55Z" finished-at="2019-08-09T12:18:55Z">
          <reporter-output>
          </reporter-output>
        </test-method> <!-- beforeMethod -->
        <test-method status="SKIP" signature="testDivide()[pri:0, instance:com.ng.DependsonMethod@482f8f11]" name="testDivide" duration-ms="3" started-at="2019-08-09T12:18:55Z" finished-at="2019-08-09T12:18:55Z">
          <reporter-output>
          </reporter-output>
        </test-method> <!-- testDivide -->
        <test-method status="SKIP" signature="afterMethod()[pri:0, instance:com.ng.DependsonMethod@482f8f11]" name="afterMethod" is-config="true" duration-ms="0" started-at="2019-08-09T12:18:55Z" finished-at="2019-08-09T12:18:55Z">
          <reporter-output>
          </reporter-output>
        </test-method> <!-- afterMethod -->
        <test-method status="SKIP" signature="beforeMethod()[pri:0, instance:com.ng.DependsonMethod@482f8f11]" name="beforeMethod" is-config="true" duration-ms="0" started-at="2019-08-09T12:18:55Z" finished-at="2019-08-09T12:18:55Z">
          <reporter-output>
          </reporter-output>
        </test-method> <!-- beforeMethod -->
        <test-method status="SKIP" signature="testProcessEvenNumbers()[pri:0, instance:com.ng.DependsonMethod@482f8f11]" name="testProcessEvenNumbers" duration-ms="2" started-at="2019-08-09T12:18:55Z" depends-on-methods="com.ng.DependsonMethod.testDivide, com.ng.DependsonMethod.testAdd" finished-at="2019-08-09T12:18:55Z">
          <reporter-output>
          </reporter-output>
        </test-method> <!-- testProcessEvenNumbers -->
        <test-method status="SKIP" signature="afterMethod()[pri:0, instance:com.ng.DependsonMethod@482f8f11]" name="afterMethod" is-config="true" duration-ms="0" started-at="2019-08-09T12:18:55Z" finished-at="2019-08-09T12:18:55Z">
          <reporter-output>
          </reporter-output>
        </test-method> <!-- afterMethod -->
        <test-method status="SKIP" signature="testProcessRealNumbers()[pri:0, instance:com.ng.DependsonMethod@482f8f11]" name="testProcessRealNumbers" duration-ms="3" started-at="2019-08-09T12:18:55Z" depends-on-methods="com.ng.DependsonMethod.testDivide, com.ng.DependsonMethod.testAdd" finished-at="2019-08-09T12:18:55Z">
          <reporter-output>
          </reporter-output>
        </test-method> <!-- testProcessRealNumbers -->
      </class> <!-- com.ng.DependsonMethod -->
    </test> <!-- Default test -->
  </suite> <!-- Default suite -->
</testng-results>
